actionid: py37
msg: getenv
cmdargs: ['/Users/anthonyshaw/repo/workday/.tox/py37/bin/pip', 'install', '-r/Users/anthonyshaw/repo/workday/requirements_dev.txt']

Collecting zeep<4.0.0,>=3.0.0 (from -r /Users/anthonyshaw/repo/workday/requirements.txt (line 1))
  Using cached https://files.pythonhosted.org/packages/51/3a/89c12f23e656b909aee5dbd22e4be15d76322a87ddc12b979ce2d4cb4dbe/zeep-3.0.0-py2.py3-none-any.whl
Collecting requests (from -r /Users/anthonyshaw/repo/workday/requirements.txt (line 2))
  Using cached https://files.pythonhosted.org/packages/65/47/7e02164a2a3db50ed6d8a6ab1d6d60b69c4c3fdf57a284257925dfc12bda/requests-2.19.1-py2.py3-none-any.whl
Collecting six (from -r /Users/anthonyshaw/repo/workday/requirements.txt (line 3))
  Using cached https://files.pythonhosted.org/packages/67/4b/141a581104b1f6397bfa78ac9d43d8ad29a7ca43ea90a2d863fe3056e86a/six-1.11.0-py2.py3-none-any.whl
Collecting black (from -r /Users/anthonyshaw/repo/workday/requirements_dev.txt (line 2))
  Using cached https://files.pythonhosted.org/packages/4e/b5/575cdaabf1f98ebe50c0ee85b202fcce3b8df1f21d6ed02708bc539674c3/black-18.6b4-py36-none-any.whl
Collecting pre-commit (from -r /Users/anthonyshaw/repo/workday/requirements_dev.txt (line 3))
  Using cached https://files.pythonhosted.org/packages/42/b8/064dcb162d229b824b9c9ba1e93790185e2c62f10daec8762754959fdbb3/pre_commit-1.10.2-py2.py3-none-any.whl
Collecting pytest (from -r /Users/anthonyshaw/repo/workday/requirements_dev.txt (line 4))
  Using cached https://files.pythonhosted.org/packages/11/c4/cfb5f51f401cd54bbaaacff530c96827422a29dca2683ff314e4938444c9/pytest-3.6.2-py2.py3-none-any.whl
Collecting twine (from -r /Users/anthonyshaw/repo/workday/requirements_dev.txt (line 5))
  Using cached https://files.pythonhosted.org/packages/65/ae/9cfdff186dd4812c59bad890435538858f13fe43dbe6923e0fb20f0adfc8/twine-1.11.0-py2.py3-none-any.whl
Collecting sphinx (from -r /Users/anthonyshaw/repo/workday/requirements_dev.txt (line 6))
  Using cached https://files.pythonhosted.org/packages/1b/9f/98d67201c5a6e1aececed03a44a819d0e32adba81414081e303cfaf8c54c/Sphinx-1.7.5-py2.py3-none-any.whl
Collecting requests_staticmock (from -r /Users/anthonyshaw/repo/workday/requirements_dev.txt (line 7))
  Using cached https://files.pythonhosted.org/packages/3e/58/5ee6f087ad2783773087f4263a82d3b17e1653ed0a8dd675fcf2d9091d6d/requests_staticmock-1.4.0-py2.py3-none-any.whl
Collecting tox (from -r /Users/anthonyshaw/repo/workday/requirements_dev.txt (line 8))
  Using cached https://files.pythonhosted.org/packages/e6/41/4dcfd713282bf3213b0384320fa8841e4db032ddcb80bc08a540159d42a8/tox-3.0.0-py2.py3-none-any.whl
Collecting pytz (from zeep<4.0.0,>=3.0.0->-r /Users/anthonyshaw/repo/workday/requirements.txt (line 1))
  Using cached https://files.pythonhosted.org/packages/dc/83/15f7833b70d3e067ca91467ca245bae0f6fe56ddc7451aa0dc5606b120f2/pytz-2018.4-py2.py3-none-any.whl
Collecting attrs>=17.2.0 (from zeep<4.0.0,>=3.0.0->-r /Users/anthonyshaw/repo/workday/requirements.txt (line 1))
  Using cached https://files.pythonhosted.org/packages/41/59/cedf87e91ed541be7957c501a92102f9cc6363c623a7666d69d51c78ac5b/attrs-18.1.0-py2.py3-none-any.whl
Collecting cached-property>=1.3.0 (from zeep<4.0.0,>=3.0.0->-r /Users/anthonyshaw/repo/workday/requirements.txt (line 1))
  Using cached https://files.pythonhosted.org/packages/88/09/4b7a484f96cbceda746e03f0167021c909c3ceae1c6f2e844d79476cb70e/cached_property-1.4.3-py2.py3-none-any.whl
Collecting isodate>=0.5.4 (from zeep<4.0.0,>=3.0.0->-r /Users/anthonyshaw/repo/workday/requirements.txt (line 1))
  Using cached https://files.pythonhosted.org/packages/9b/9f/b36f7774ff5ea8e428fdcfc4bb332c39ee5b9362ddd3d40d9516a55221b2/isodate-0.6.0-py2.py3-none-any.whl
Collecting requests-toolbelt>=0.7.1 (from zeep<4.0.0,>=3.0.0->-r /Users/anthonyshaw/repo/workday/requirements.txt (line 1))
  Using cached https://files.pythonhosted.org/packages/97/8a/d710f792d6f6ecc089c5e55b66e66c3f2f35516a1ede5a8f54c13350ffb0/requests_toolbelt-0.8.0-py2.py3-none-any.whl
Collecting appdirs>=1.4.0 (from zeep<4.0.0,>=3.0.0->-r /Users/anthonyshaw/repo/workday/requirements.txt (line 1))
  Using cached https://files.pythonhosted.org/packages/56/eb/810e700ed1349edde4cbdc1b2a21e28cdf115f9faf263f6bbf8447c1abf3/appdirs-1.4.3-py2.py3-none-any.whl
Collecting defusedxml>=0.4.1 (from zeep<4.0.0,>=3.0.0->-r /Users/anthonyshaw/repo/workday/requirements.txt (line 1))
  Using cached https://files.pythonhosted.org/packages/87/1c/17f3e3935a913dfe2a5ca85fa5ccbef366bfd82eb318b1f75dadbf0affca/defusedxml-0.5.0-py2.py3-none-any.whl
Collecting lxml>=3.0.0 (from zeep<4.0.0,>=3.0.0->-r /Users/anthonyshaw/repo/workday/requirements.txt (line 1))
Collecting idna<2.8,>=2.5 (from requests->-r /Users/anthonyshaw/repo/workday/requirements.txt (line 2))
  Using cached https://files.pythonhosted.org/packages/4b/2a/0276479a4b3caeb8a8c1af2f8e4355746a97fab05a372e4a2c6a6b876165/idna-2.7-py2.py3-none-any.whl
Collecting urllib3<1.24,>=1.21.1 (from requests->-r /Users/anthonyshaw/repo/workday/requirements.txt (line 2))
  Using cached https://files.pythonhosted.org/packages/bd/c9/6fdd990019071a4a32a5e7cb78a1d92c53851ef4f56f62a3486e6a7d8ffb/urllib3-1.23-py2.py3-none-any.whl
Collecting chardet<3.1.0,>=3.0.2 (from requests->-r /Users/anthonyshaw/repo/workday/requirements.txt (line 2))
  Using cached https://files.pythonhosted.org/packages/bc/a9/01ffebfb562e4274b6487b4bb1ddec7ca55ec7510b22e4c51f14098443b8/chardet-3.0.4-py2.py3-none-any.whl
Collecting certifi>=2017.4.17 (from requests->-r /Users/anthonyshaw/repo/workday/requirements.txt (line 2))
  Using cached https://files.pythonhosted.org/packages/7c/e6/92ad559b7192d846975fc916b65f667c7b8c3a32bea7372340bfe9a15fa5/certifi-2018.4.16-py2.py3-none-any.whl
Collecting click>=6.5 (from black->-r /Users/anthonyshaw/repo/workday/requirements_dev.txt (line 2))
  Using cached https://files.pythonhosted.org/packages/34/c1/8806f99713ddb993c5366c362b2f908f18269f8d792aff1abfd700775a77/click-6.7-py2.py3-none-any.whl
Collecting toml>=0.9.4 (from black->-r /Users/anthonyshaw/repo/workday/requirements_dev.txt (line 2))
Collecting nodeenv>=0.11.1 (from pre-commit->-r /Users/anthonyshaw/repo/workday/requirements_dev.txt (line 3))
Collecting identify>=1.0.0 (from pre-commit->-r /Users/anthonyshaw/repo/workday/requirements_dev.txt (line 3))
  Using cached https://files.pythonhosted.org/packages/94/8b/7d6d83e72abd5e710bb1f438fb6f57a392b8edac83ea5de161c0351830ba/identify-1.1.0-py2.py3-none-any.whl
Collecting pyyaml (from pre-commit->-r /Users/anthonyshaw/repo/workday/requirements_dev.txt (line 3))
Collecting aspy.yaml (from pre-commit->-r /Users/anthonyshaw/repo/workday/requirements_dev.txt (line 3))
  Using cached https://files.pythonhosted.org/packages/9f/e3/5d2ba9d098b687d3676a5a557f7edc15bb544d4c2af9fc7105469d2ba624/aspy.yaml-1.1.1-py2.py3-none-any.whl
Collecting virtualenv (from pre-commit->-r /Users/anthonyshaw/repo/workday/requirements_dev.txt (line 3))
  Using cached https://files.pythonhosted.org/packages/b6/30/96a02b2287098b23b875bc8c2f58071c35d2efe84f747b64d523721dc2b5/virtualenv-16.0.0-py2.py3-none-any.whl
Collecting cfgv>=1.0.0 (from pre-commit->-r /Users/anthonyshaw/repo/workday/requirements_dev.txt (line 3))
  Using cached https://files.pythonhosted.org/packages/65/53/049d31c9a486f75326f7431ac2119b1a4549e8db69c6280109e7b1e80b81/cfgv-1.1.0-py2.py3-none-any.whl
Collecting py>=1.5.0 (from pytest->-r /Users/anthonyshaw/repo/workday/requirements_dev.txt (line 4))
  Using cached https://files.pythonhosted.org/packages/67/a5/f77982214dd4c8fd104b066f249adea2c49e25e8703d284382eb5e9ab35a/py-1.5.3-py2.py3-none-any.whl
Collecting pluggy<0.7,>=0.5 (from pytest->-r /Users/anthonyshaw/repo/workday/requirements_dev.txt (line 4))
  Using cached https://files.pythonhosted.org/packages/ba/65/ded3bc40bbf8d887f262f150fbe1ae6637765b5c9534bd55690ed2c0b0f7/pluggy-0.6.0-py3-none-any.whl
Collecting atomicwrites>=1.0 (from pytest->-r /Users/anthonyshaw/repo/workday/requirements_dev.txt (line 4))
  Using cached https://files.pythonhosted.org/packages/0a/e8/cd6375e7a59664eeea9e1c77a766eeac0fc3083bb958c2b41ec46b95f29c/atomicwrites-1.1.5-py2.py3-none-any.whl
Collecting more-itertools>=4.0.0 (from pytest->-r /Users/anthonyshaw/repo/workday/requirements_dev.txt (line 4))
  Using cached https://files.pythonhosted.org/packages/85/40/90c3b0393e12b9827381004224de8814686e3d7182f9d4182477f600826d/more_itertools-4.2.0-py3-none-any.whl
Requirement already satisfied: setuptools in ./.tox/py37/lib/python3.7/site-packages (from pytest->-r /Users/anthonyshaw/repo/workday/requirements_dev.txt (line 4)) (39.2.0)
Collecting pkginfo>=1.4.2 (from twine->-r /Users/anthonyshaw/repo/workday/requirements_dev.txt (line 5))
  Using cached https://files.pythonhosted.org/packages/a3/fe/f32a48d48f40a7209be9825fba2566cab92364787cf37de2e08300dd6ce7/pkginfo-1.4.2-py2.py3-none-any.whl
Collecting tqdm>=4.14 (from twine->-r /Users/anthonyshaw/repo/workday/requirements_dev.txt (line 5))
  Using cached https://files.pythonhosted.org/packages/93/24/6ab1df969db228aed36a648a8959d1027099ce45fad67532b9673d533318/tqdm-4.23.4-py2.py3-none-any.whl
Collecting sphinxcontrib-websupport (from sphinx->-r /Users/anthonyshaw/repo/workday/requirements_dev.txt (line 6))
  Using cached https://files.pythonhosted.org/packages/52/69/3c2fbdc3702358c5b34ee25e387b24838597ef099761fc9a42c166796e8f/sphinxcontrib_websupport-1.1.0-py2.py3-none-any.whl
Collecting packaging (from sphinx->-r /Users/anthonyshaw/repo/workday/requirements_dev.txt (line 6))
  Using cached https://files.pythonhosted.org/packages/ad/c2/b500ea05d5f9f361a562f089fc91f77ed3b4783e13a08a3daf82069b1224/packaging-17.1-py2.py3-none-any.whl
Collecting Pygments>=2.0 (from sphinx->-r /Users/anthonyshaw/repo/workday/requirements_dev.txt (line 6))
  Using cached https://files.pythonhosted.org/packages/02/ee/b6e02dc6529e82b75bb06823ff7d005b141037cb1416b10c6f00fc419dca/Pygments-2.2.0-py2.py3-none-any.whl
Collecting snowballstemmer>=1.1 (from sphinx->-r /Users/anthonyshaw/repo/workday/requirements_dev.txt (line 6))
  Using cached https://files.pythonhosted.org/packages/d4/6c/8a935e2c7b54a37714656d753e4187ee0631988184ed50c0cf6476858566/snowballstemmer-1.2.1-py2.py3-none-any.whl
Collecting babel!=2.0,>=1.3 (from sphinx->-r /Users/anthonyshaw/repo/workday/requirements_dev.txt (line 6))
  Using cached https://files.pythonhosted.org/packages/b8/ad/c6f60602d3ee3d92fbed87675b6fb6a6f9a38c223343ababdb44ba201f10/Babel-2.6.0-py2.py3-none-any.whl
Collecting docutils>=0.11 (from sphinx->-r /Users/anthonyshaw/repo/workday/requirements_dev.txt (line 6))
  Using cached https://files.pythonhosted.org/packages/36/fa/08e9e6e0e3cbd1d362c3bbee8d01d0aedb2155c4ac112b19ef3cae8eed8d/docutils-0.14-py3-none-any.whl
Collecting alabaster<0.8,>=0.7 (from sphinx->-r /Users/anthonyshaw/repo/workday/requirements_dev.txt (line 6))
  Using cached https://files.pythonhosted.org/packages/6e/71/c3648cc2f675063dbe2d669004a59e4a5120172713a1de3c3b14144d4b31/alabaster-0.7.11-py2.py3-none-any.whl
Collecting imagesize (from sphinx->-r /Users/anthonyshaw/repo/workday/requirements_dev.txt (line 6))
  Using cached https://files.pythonhosted.org/packages/e9/79/31cc1c2e0daf575f8fd2b581e2975e6a6938bd439581f766b79c50479521/imagesize-1.0.0-py2.py3-none-any.whl
Collecting Jinja2>=2.3 (from sphinx->-r /Users/anthonyshaw/repo/workday/requirements_dev.txt (line 6))
  Using cached https://files.pythonhosted.org/packages/7f/ff/ae64bacdfc95f27a016a7bed8e8686763ba4d277a78ca76f32659220a731/Jinja2-2.10-py2.py3-none-any.whl
Collecting pyparsing>=2.0.2 (from packaging->sphinx->-r /Users/anthonyshaw/repo/workday/requirements_dev.txt (line 6))
  Using cached https://files.pythonhosted.org/packages/6a/8a/718fd7d3458f9fab8e67186b00abdd345b639976bc7fb3ae722e1b026a50/pyparsing-2.2.0-py2.py3-none-any.whl
Collecting MarkupSafe>=0.23 (from Jinja2>=2.3->sphinx->-r /Users/anthonyshaw/repo/workday/requirements_dev.txt (line 6))
Installing collected packages: pytz, idna, urllib3, chardet, certifi, requests, attrs, cached-property, six, isodate, requests-toolbelt, appdirs, defusedxml, lxml, zeep, click, toml, black, nodeenv, identify, pyyaml, aspy.yaml, virtualenv, cfgv, pre-commit, py, pluggy, atomicwrites, more-itertools, pytest, pkginfo, tqdm, twine, sphinxcontrib-websupport, pyparsing, packaging, Pygments, snowballstemmer, babel, docutils, alabaster, imagesize, MarkupSafe, Jinja2, sphinx, requests-staticmock, tox
Successfully installed Jinja2-2.10 MarkupSafe-1.0 Pygments-2.2.0 alabaster-0.7.11 appdirs-1.4.3 aspy.yaml-1.1.1 atomicwrites-1.1.5 attrs-18.1.0 babel-2.6.0 black-18.6b4 cached-property-1.4.3 certifi-2018.4.16 cfgv-1.1.0 chardet-3.0.4 click-6.7 defusedxml-0.5.0 docutils-0.14 identify-1.1.0 idna-2.7 imagesize-1.0.0 isodate-0.6.0 lxml-4.2.2 more-itertools-4.2.0 nodeenv-1.3.1 packaging-17.1 pkginfo-1.4.2 pluggy-0.6.0 pre-commit-1.10.2 py-1.5.3 pyparsing-2.2.0 pytest-3.6.2 pytz-2018.4 pyyaml-3.12 requests-2.19.1 requests-staticmock-1.4.0 requests-toolbelt-0.8.0 six-1.11.0 snowballstemmer-1.2.1 sphinx-1.7.5 sphinxcontrib-websupport-1.1.0 toml-0.9.4 tox-3.0.0 tqdm-4.23.4 twine-1.11.0 urllib3-1.23 virtualenv-16.0.0 zeep-3.0.0
