actionid: py37
msg: envreport
cmdargs: ['/Users/anthonyshaw/repo/workday/.tox/py37/bin/pip', 'freeze']

alabaster==0.7.11
appdirs==1.4.3
aspy.yaml==1.1.1
atomicwrites==1.1.5
attrs==18.1.0
Babel==2.6.0
black==18.6b4
cached-property==1.4.3
certifi==2018.4.16
cfgv==1.1.0
chardet==3.0.4
click==6.7
defusedxml==0.5.0
docutils==0.14
identify==1.1.0
idna==2.7
imagesize==1.0.0
isodate==0.6.0
Jinja2==2.10
lxml==4.2.2
MarkupSafe==1.0
more-itertools==4.2.0
nodeenv==1.3.1
packaging==17.1
pkginfo==1.4.2
pluggy==0.6.0
pre-commit==1.10.2
py==1.5.3
Pygments==2.2.0
pyparsing==2.2.0
pytest==3.6.2
pytz==2018.4
PyYAML==3.12
requests==2.19.1
requests-staticmock==1.4.0
requests-toolbelt==0.8.0
six==1.11.0
snowballstemmer==1.2.1
Sphinx==1.7.5
sphinxcontrib-websupport==1.1.0
toml==0.9.4
tox==3.0.0
tqdm==4.23.4
twine==1.11.0
urllib3==1.23
virtualenv==16.0.0
workday==0.2.0
zeep==3.0.0
