actionid: py37
msg: installpkg
cmdargs: ['/Users/anthonyshaw/repo/workday/.tox/py37/bin/pip', 'install', '/Users/anthonyshaw/repo/workday/.tox/dist/workday-0.2.0.zip']

Processing ./.tox/dist/workday-0.2.0.zip
Requirement already satisfied: zeep>=3.0.0 in ./.tox/py37/lib/python3.7/site-packages (from workday==0.2.0) (3.0.0)
Requirement already satisfied: requests in ./.tox/py37/lib/python3.7/site-packages (from workday==0.2.0) (2.19.1)
Requirement already satisfied: six in ./.tox/py37/lib/python3.7/site-packages (from workday==0.2.0) (1.11.0)
Requirement already satisfied: pytz in ./.tox/py37/lib/python3.7/site-packages (from zeep>=3.0.0->workday==0.2.0) (2018.4)
Requirement already satisfied: attrs>=17.2.0 in ./.tox/py37/lib/python3.7/site-packages (from zeep>=3.0.0->workday==0.2.0) (18.1.0)
Requirement already satisfied: cached-property>=1.3.0 in ./.tox/py37/lib/python3.7/site-packages (from zeep>=3.0.0->workday==0.2.0) (1.4.3)
Requirement already satisfied: isodate>=0.5.4 in ./.tox/py37/lib/python3.7/site-packages (from zeep>=3.0.0->workday==0.2.0) (0.6.0)
Requirement already satisfied: requests-toolbelt>=0.7.1 in ./.tox/py37/lib/python3.7/site-packages (from zeep>=3.0.0->workday==0.2.0) (0.8.0)
Requirement already satisfied: appdirs>=1.4.0 in ./.tox/py37/lib/python3.7/site-packages (from zeep>=3.0.0->workday==0.2.0) (1.4.3)
Requirement already satisfied: defusedxml>=0.4.1 in ./.tox/py37/lib/python3.7/site-packages (from zeep>=3.0.0->workday==0.2.0) (0.5.0)
Requirement already satisfied: lxml>=3.0.0 in ./.tox/py37/lib/python3.7/site-packages (from zeep>=3.0.0->workday==0.2.0) (4.2.2)
Requirement already satisfied: idna<2.8,>=2.5 in ./.tox/py37/lib/python3.7/site-packages (from requests->workday==0.2.0) (2.7)
Requirement already satisfied: urllib3<1.24,>=1.21.1 in ./.tox/py37/lib/python3.7/site-packages (from requests->workday==0.2.0) (1.23)
Requirement already satisfied: chardet<3.1.0,>=3.0.2 in ./.tox/py37/lib/python3.7/site-packages (from requests->workday==0.2.0) (3.0.4)
Requirement already satisfied: certifi>=2017.4.17 in ./.tox/py37/lib/python3.7/site-packages (from requests->workday==0.2.0) (2018.4.16)
Building wheels for collected packages: workday
  Running setup.py bdist_wheel for workday: started
  Running setup.py bdist_wheel for workday: finished with status 'done'
  Stored in directory: /Users/anthonyshaw/Library/Caches/pip/wheels/a2/08/ce/45b9b8bf6c2c3904367ad720e101a463629d214bcfe554ea52
Successfully built workday
Installing collected packages: workday
  Found existing installation: workday 0.2.0
    Not uninstalling workday at /Users/anthonyshaw/repo/workday, outside environment /Users/anthonyshaw/repo/workday/.tox/py37/bin/..
    Can't uninstall 'workday'. No files were found to uninstall.
Successfully installed workday-0.2.0
