actionid: tox
msg: packaging
cmdargs: ['/Users/anthonyshaw/repo/workday/env/bin/python3', local('/Users/anthonyshaw/repo/workday/setup.py'), 'sdist', '--formats=zip', '--dist-dir', local('/Users/anthonyshaw/repo/workday/.tox/dist')]

running sdist
running egg_info
writing src/workday.egg-info/PKG-INFO
writing dependency_links to src/workday.egg-info/dependency_links.txt
writing requirements to src/workday.egg-info/requires.txt
writing top-level names to src/workday.egg-info/top_level.txt
reading manifest file 'src/workday.egg-info/SOURCES.txt'
reading manifest template 'MANIFEST.in'
warning: no files found matching 'README.rst'
warning: no previously-included files matching '__pycache__' found under directory '*'
warning: no files found matching '*.jpg' under directory 'docs'
warning: no files found matching '*.gif' under directory 'docs'
writing manifest file 'src/workday.egg-info/SOURCES.txt'
running check
creating workday-0.2.0
creating workday-0.2.0/docs
creating workday-0.2.0/docs/source
creating workday-0.2.0/docs/source/_static
creating workday-0.2.0/src
creating workday-0.2.0/src/workday
creating workday-0.2.0/src/workday.egg-info
creating workday-0.2.0/tests
creating workday-0.2.0/tests/unit
copying files to workday-0.2.0...
copying AUTHORS.rst -> workday-0.2.0
copying CONTRIBUTING.rst -> workday-0.2.0
copying HISTORY.rst -> workday-0.2.0
copying LICENSE -> workday-0.2.0
copying MANIFEST.in -> workday-0.2.0
copying README.md -> workday-0.2.0
copying setup.cfg -> workday-0.2.0
copying setup.py -> workday-0.2.0
copying docs/source/conf.py -> workday-0.2.0/docs/source
copying docs/source/index.rst -> workday-0.2.0/docs/source
copying docs/source/_static/help0.png -> workday-0.2.0/docs/source/_static
copying docs/source/_static/help1.png -> workday-0.2.0/docs/source/_static
copying docs/source/_static/help2.png -> workday-0.2.0/docs/source/_static
copying src/workday/__init__.py -> workday-0.2.0/src/workday
copying src/workday/auth.py -> workday-0.2.0/src/workday
copying src/workday/client.py -> workday-0.2.0/src/workday
copying src/workday/exceptions.py -> workday-0.2.0/src/workday
copying src/workday.egg-info/PKG-INFO -> workday-0.2.0/src/workday.egg-info
copying src/workday.egg-info/SOURCES.txt -> workday-0.2.0/src/workday.egg-info
copying src/workday.egg-info/dependency_links.txt -> workday-0.2.0/src/workday.egg-info
copying src/workday.egg-info/not-zip-safe -> workday-0.2.0/src/workday.egg-info
copying src/workday.egg-info/requires.txt -> workday-0.2.0/src/workday.egg-info
copying src/workday.egg-info/top_level.txt -> workday-0.2.0/src/workday.egg-info
copying tests/conftest.py -> workday-0.2.0/tests
copying tests/pytest.ini -> workday-0.2.0/tests
copying tests/unit/__init__.py -> workday-0.2.0/tests/unit
copying tests/unit/test_auth.py -> workday-0.2.0/tests/unit
copying tests/unit/test_client.py -> workday-0.2.0/tests/unit
Writing workday-0.2.0/setup.cfg
creating '.tox/dist/workday-0.2.0.zip' and adding 'workday-0.2.0' to it
adding 'workday-0.2.0/PKG-INFO'
adding 'workday-0.2.0/LICENSE'
adding 'workday-0.2.0/CONTRIBUTING.rst'
adding 'workday-0.2.0/MANIFEST.in'
adding 'workday-0.2.0/README.md'
adding 'workday-0.2.0/setup.py'
adding 'workday-0.2.0/HISTORY.rst'
adding 'workday-0.2.0/AUTHORS.rst'
adding 'workday-0.2.0/setup.cfg'
adding 'workday-0.2.0/tests/conftest.py'
adding 'workday-0.2.0/tests/pytest.ini'
adding 'workday-0.2.0/tests/unit/test_auth.py'
adding 'workday-0.2.0/tests/unit/__init__.py'
adding 'workday-0.2.0/tests/unit/test_client.py'
adding 'workday-0.2.0/docs/source/index.rst'
adding 'workday-0.2.0/docs/source/conf.py'
adding 'workday-0.2.0/docs/source/_static/help2.png'
adding 'workday-0.2.0/docs/source/_static/help0.png'
adding 'workday-0.2.0/docs/source/_static/help1.png'
adding 'workday-0.2.0/src/workday/auth.py'
adding 'workday-0.2.0/src/workday/client.py'
adding 'workday-0.2.0/src/workday/__init__.py'
adding 'workday-0.2.0/src/workday/exceptions.py'
adding 'workday-0.2.0/src/workday.egg-info/PKG-INFO'
adding 'workday-0.2.0/src/workday.egg-info/not-zip-safe'
adding 'workday-0.2.0/src/workday.egg-info/SOURCES.txt'
adding 'workday-0.2.0/src/workday.egg-info/requires.txt'
adding 'workday-0.2.0/src/workday.egg-info/top_level.txt'
adding 'workday-0.2.0/src/workday.egg-info/dependency_links.txt'
removing 'workday-0.2.0' (and everything under it)
